# JRE version: OpenJDK Runtime Environment Temurin-17.0.12+7 (17.0.12+7) (build 17.0.12+7)
# Java VM: OpenJDK 64-Bit Server VM Temurin-17.0.12+7 (17.0.12+7, mixed mode, tiered, compressed oops, compressed class ptrs, parallel gc, windows-amd64)
GC Precious Log:
 CPUs: 16 total, 16 available
 Memory: 5989M
 Large Page Support: Disabled
 NUMA Support: Disabled
 Compressed Oops: Enabled (32-bit)
 Alignments: Space 512K, Generation 512K, Heap 2M
 Heap Min Capacity: 100M
 Heap Initial Capacity: 100M
 Heap Max Capacity: 1G
 Pre-touch: Disabled
 Parallel Workers: 13
Heap:
 PSYoungGen      total 79872K, used 40422K [0x00000000eab00000, 0x00000000f2000000, 0x0000000100000000)
  eden space 51200K, 22% used [0x00000000eab00000,0x00000000eb67d780,0x00000000edd00000)
  from space 28672K, 99% used [0x00000000edd00000,0x00000000ef8fc088,0x00000000ef900000)
  to   space 33280K, 0% used [0x00000000eff80000,0x00000000eff80000,0x00000000f2000000)
 ParOldGen       total 434176K, used 344209K [0x00000000c0000000, 0x00000000da800000, 0x00000000eab00000)
  object space 434176K, 79% used [0x00000000c0000000,0x00000000d50247a8,0x00000000da800000)
 Metaspace       used 83520K, committed 84864K, reserved 1179648K
  class space    used 8544K, committed 9152K, reserved 1048576K
GC Heap History (20 events):
Event: 18.568 GC heap before
{Heap before GC invocations=119 (full 9):
 PSYoungGen      total 91648K, used 91440K [0x00000000eab00000, 0x00000000f2180000, 0x0000000100000000)
  eden space 71168K, 100% used [0x00000000eab00000,0x00000000ef080000,0x00000000ef080000)
  from space 20480K, 98% used [0x00000000ef080000,0x00000000f044c338,0x00000000f0480000)
  to   space 23552K, 0% used [0x00000000f0a80000,0x00000000f0a80000,0x00000000f2180000)
 ParOldGen       total 332288K, used 268440K [0x00000000c0000000, 0x00000000d4480000, 0x00000000eab00000)
  object space 332288K, 80% used [0x00000000c0000000,0x00000000d06261e8,0x00000000d4480000)
 Metaspace       used 74915K, committed 76224K, reserved 1179648K
  class space    used 7660K, committed 8256K, reserved 1048576K
}
Event: 18.586 GC heap after
{Heap after GC invocations=119 (full 9):
 PSYoungGen      total 85504K, used 23543K [0x00000000eab00000, 0x00000000f3980000, 0x0000000100000000)
  eden space 61952K, 0% used [0x00000000eab00000,0x00000000eab00000,0x00000000ee780000)
  from space 23552K, 99% used [0x00000000f0a80000,0x00000000f217de60,0x00000000f2180000)
  to   space 35840K, 0% used [0x00000000ee780000,0x00000000ee780000,0x00000000f0a80000)
 ParOldGen       total 332288K, used 278347K [0x00000000c0000000, 0x00000000d4480000, 0x00000000eab00000)
  object space 332288K, 83% used [0x00000000c0000000,0x00000000d0fd2ec0,0x00000000d4480000)
 Metaspace       used 74915K, committed 76224K, reserved 1179648K
  class space    used 7660K, committed 8256K, reserved 1048576K
}
Event: 18.817 GC heap before
{Heap before GC invocations=120 (full 9):
 PSYoungGen      total 85504K, used 85495K [0x00000000eab00000, 0x00000000f3980000, 0x0000000100000000)
  eden space 61952K, 100% used [0x00000000eab00000,0x00000000ee780000,0x00000000ee780000)
  from space 23552K, 99% used [0x00000000f0a80000,0x00000000f217de60,0x00000000f2180000)
  to   space 35840K, 0% used [0x00000000ee780000,0x00000000ee780000,0x00000000f0a80000)
 ParOldGen       total 332288K, used 278347K [0x00000000c0000000, 0x00000000d4480000, 0x00000000eab00000)
  object space 332288K, 83% used [0x00000000c0000000,0x00000000d0fd2ec0,0x00000000d4480000)
 Metaspace       used 74916K, committed 76224K, reserved 1179648K
  class space    used 7660K, committed 8256K, reserved 1048576K
}
Event: 18.834 GC heap after
{Heap after GC invocations=120 (full 9):
 PSYoungGen      total 82944K, used 20935K [0x00000000eab00000, 0x00000000f1c80000, 0x0000000100000000)
  eden space 61952K, 0% used [0x00000000eab00000,0x00000000eab00000,0x00000000ee780000)
  from space 20992K, 99% used [0x00000000ee780000,0x00000000efbf1c48,0x00000000efc00000)
  to   space 25600K, 0% used [0x00000000f0380000,0x00000000f0380000,0x00000000f1c80000)
 ParOldGen       total 332288K, used 291910K [0x00000000c0000000, 0x00000000d4480000, 0x00000000eab00000)
  object space 332288K, 87% used [0x00000000c0000000,0x00000000d1d11800,0x00000000d4480000)
 Metaspace       used 74916K, committed 76224K, reserved 1179648K
  class space    used 7660K, committed 8256K, reserved 1048576K
}
Event: 19.056 GC heap before
{Heap before GC invocations=121 (full 9):
 PSYoungGen      total 82944K, used 82887K [0x00000000eab00000, 0x00000000f1c80000, 0x0000000100000000)
  eden space 61952K, 100% used [0x00000000eab00000,0x00000000ee780000,0x00000000ee780000)
  from space 20992K, 99% used [0x00000000ee780000,0x00000000efbf1c48,0x00000000efc00000)
  to   space 25600K, 0% used [0x00000000f0380000,0x00000000f0380000,0x00000000f1c80000)
 ParOldGen       total 332288K, used 291910K [0x00000000c0000000, 0x00000000d4480000, 0x00000000eab00000)
  object space 332288K, 87% used [0x00000000c0000000,0x00000000d1d11800,0x00000000d4480000)
 Metaspace       used 74926K, committed 76224K, reserved 1179648K
  class space    used 7660K, committed 8256K, reserved 1048576K
}
Event: 19.066 GC heap after
{Heap after GC invocations=121 (full 9):
 PSYoungGen      total 83456K, used 25583K [0x00000000eab00000, 0x00000000f2a00000, 0x0000000100000000)
  eden space 57856K, 0% used [0x00000000eab00000,0x00000000eab00000,0x00000000ee380000)
  from space 25600K, 99% used [0x00000000f0380000,0x00000000f1c7be70,0x00000000f1c80000)
  to   space 32768K, 0% used [0x00000000ee380000,0x00000000ee380000,0x00000000f0380000)
 ParOldGen       total 332288K, used 296887K [0x00000000c0000000, 0x00000000d4480000, 0x00000000eab00000)
  object space 332288K, 89% used [0x00000000c0000000,0x00000000d21edca8,0x00000000d4480000)
 Metaspace       used 74926K, committed 76224K, reserved 1179648K
  class space    used 7660K, committed 8256K, reserved 1048576K
}
Event: 19.295 GC heap before
{Heap before GC invocations=122 (full 9):
 PSYoungGen      total 83456K, used 83439K [0x00000000eab00000, 0x00000000f2a00000, 0x0000000100000000)
  eden space 57856K, 100% used [0x00000000eab00000,0x00000000ee380000,0x00000000ee380000)
  from space 25600K, 99% used [0x00000000f0380000,0x00000000f1c7be70,0x00000000f1c80000)
  to   space 32768K, 0% used [0x00000000ee380000,0x00000000ee380000,0x00000000f0380000)
 ParOldGen       total 332288K, used 296887K [0x00000000c0000000, 0x00000000d4480000, 0x00000000eab00000)
  object space 332288K, 89% used [0x00000000c0000000,0x00000000d21edca8,0x00000000d4480000)
 Metaspace       used 74950K, committed 76224K, reserved 1179648K
  class space    used 7663K, committed 8256K, reserved 1048576K
}
Event: 19.351 GC heap after
{Heap after GC invocations=122 (full 9):
 PSYoungGen      total 79360K, used 21262K [0x00000000eab00000, 0x00000000f1800000, 0x0000000100000000)
  eden space 57856K, 0% used [0x00000000eab00000,0x00000000eab00000,0x00000000ee380000)
  from space 21504K, 98% used [0x00000000ee380000,0x00000000ef843ab8,0x00000000ef880000)
  to   space 25088K, 0% used [0x00000000eff80000,0x00000000eff80000,0x00000000f1800000)
 ParOldGen       total 332288K, used 314050K [0x00000000c0000000, 0x00000000d4480000, 0x00000000eab00000)
  object space 332288K, 94% used [0x00000000c0000000,0x00000000d32b09d0,0x00000000d4480000)
 Metaspace       used 74950K, committed 76224K, reserved 1179648K
  class space    used 7663K, committed 8256K, reserved 1048576K
}
Event: 19.351 GC heap before
{Heap before GC invocations=123 (full 10):
 PSYoungGen      total 79360K, used 21262K [0x00000000eab00000, 0x00000000f1800000, 0x0000000100000000)
  eden space 57856K, 0% used [0x00000000eab00000,0x00000000eab00000,0x00000000ee380000)
  from space 21504K, 98% used [0x00000000ee380000,0x00000000ef843ab8,0x00000000ef880000)
  to   space 25088K, 0% used [0x00000000eff80000,0x00000000eff80000,0x00000000f1800000)
 ParOldGen       total 332288K, used 314050K [0x00000000c0000000, 0x00000000d4480000, 0x00000000eab00000)
  object space 332288K, 94% used [0x00000000c0000000,0x00000000d32b09d0,0x00000000d4480000)
 Metaspace       used 74950K, committed 76224K, reserved 1179648K
  class space    used 7663K, committed 8256K, reserved 1048576K
}
Event: 19.617 GC heap after
{Heap after GC invocations=123 (full 10):
 PSYoungGen      total 86528K, used 0K [0x00000000eab00000, 0x00000000f1880000, 0x0000000100000000)
  eden space 61440K, 0% used [0x00000000eab00000,0x00000000eab00000,0x00000000ee700000)
  from space 25088K, 0% used [0x00000000eff80000,0x00000000eff80000,0x00000000f1800000)
  to   space 25088K, 0% used [0x00000000ee700000,0x00000000ee700000,0x00000000eff80000)
 ParOldGen       total 434176K, used 328034K [0x00000000c0000000, 0x00000000da800000, 0x00000000eab00000)
  object space 434176K, 75% used [0x00000000c0000000,0x00000000d4058818,0x00000000da800000)
 Metaspace       used 74950K, committed 76224K, reserved 1179648K
  class space    used 7663K, committed 8256K, reserved 1048576K
}
Event: 19.895 GC heap before
{Heap before GC invocations=124 (full 10):
 PSYoungGen      total 86528K, used 61440K [0x00000000eab00000, 0x00000000f1880000, 0x0000000100000000)
  eden space 61440K, 100% used [0x00000000eab00000,0x00000000ee700000,0x00000000ee700000)
  from space 25088K, 0% used [0x00000000eff80000,0x00000000eff80000,0x00000000f1800000)
  to   space 25088K, 0% used [0x00000000ee700000,0x00000000ee700000,0x00000000eff80000)
 ParOldGen       total 434176K, used 328034K [0x00000000c0000000, 0x00000000da800000, 0x00000000eab00000)
  object space 434176K, 75% used [0x00000000c0000000,0x00000000d4058818,0x00000000da800000)
 Metaspace       used 75018K, committed 76352K, reserved 1179648K
  class space    used 7663K, committed 8256K, reserved 1048576K
}
Event: 19.904 GC heap after
{Heap after GC invocations=124 (full 10):
 PSYoungGen      total 86528K, used 20083K [0x00000000eab00000, 0x00000000f1480000, 0x0000000100000000)
  eden space 61440K, 0% used [0x00000000eab00000,0x00000000eab00000,0x00000000ee700000)
  from space 25088K, 80% used [0x00000000ee700000,0x00000000efa9cea8,0x00000000eff80000)
  to   space 21504K, 0% used [0x00000000eff80000,0x00000000eff80000,0x00000000f1480000)
 ParOldGen       total 434176K, used 328042K [0x00000000c0000000, 0x00000000da800000, 0x00000000eab00000)
  object space 434176K, 75% used [0x00000000c0000000,0x00000000d405a818,0x00000000da800000)
 Metaspace       used 75018K, committed 76352K, reserved 1179648K
  class space    used 7663K, committed 8256K, reserved 1048576K
}
Event: 20.350 GC heap before
{Heap before GC invocations=125 (full 10):
 PSYoungGen      total 86528K, used 81523K [0x00000000eab00000, 0x00000000f1480000, 0x0000000100000000)
  eden space 61440K, 100% used [0x00000000eab00000,0x00000000ee700000,0x00000000ee700000)
  from space 25088K, 80% used [0x00000000ee700000,0x00000000efa9cea8,0x00000000eff80000)
  to   space 21504K, 0% used [0x00000000eff80000,0x00000000eff80000,0x00000000f1480000)
 ParOldGen       total 434176K, used 328042K [0x00000000c0000000, 0x00000000da800000, 0x00000000eab00000)
  object space 434176K, 75% used [0x00000000c0000000,0x00000000d405a818,0x00000000da800000)
 Metaspace       used 75276K, committed 76608K, reserved 1179648K
  class space    used 7664K, committed 8256K, reserved 1048576K
}
Event: 20.363 GC heap after
{Heap after GC invocations=125 (full 10):
 PSYoungGen      total 71168K, used 21502K [0x00000000eab00000, 0x00000000f3200000, 0x0000000100000000)
  eden space 49664K, 0% used [0x00000000eab00000,0x00000000eab00000,0x00000000edb80000)
  from space 21504K, 99% used [0x00000000eff80000,0x00000000f147f820,0x00000000f1480000)
  to   space 36864K, 0% used [0x00000000edb80000,0x00000000edb80000,0x00000000eff80000)
 ParOldGen       total 434176K, used 340530K [0x00000000c0000000, 0x00000000da800000, 0x00000000eab00000)
  object space 434176K, 78% used [0x00000000c0000000,0x00000000d4c8ca00,0x00000000da800000)
 Metaspace       used 75276K, committed 76608K, reserved 1179648K
  class space    used 7664K, committed 8256K, reserved 1048576K
}
Event: 21.005 GC heap before
{Heap before GC invocations=126 (full 10):
 PSYoungGen      total 71168K, used 71166K [0x00000000eab00000, 0x00000000f3200000, 0x0000000100000000)
  eden space 49664K, 100% used [0x00000000eab00000,0x00000000edb80000,0x00000000edb80000)
  from space 21504K, 99% used [0x00000000eff80000,0x00000000f147f820,0x00000000f1480000)
  to   space 36864K, 0% used [0x00000000edb80000,0x00000000edb80000,0x00000000eff80000)
 ParOldGen       total 434176K, used 340530K [0x00000000c0000000, 0x00000000da800000, 0x00000000eab00000)
  object space 434176K, 78% used [0x00000000c0000000,0x00000000d4c8ca00,0x00000000da800000)
 Metaspace       used 75963K, committed 77248K, reserved 1179648K
  class space    used 7740K, committed 8320K, reserved 1048576K
}
Event: 21.012 GC heap after
{Heap after GC invocations=126 (full 10):
 PSYoungGen      total 74240K, used 24231K [0x00000000eab00000, 0x00000000f1480000, 0x0000000100000000)
  eden space 49664K, 0% used [0x00000000eab00000,0x00000000eab00000,0x00000000edb80000)
  from space 24576K, 98% used [0x00000000edb80000,0x00000000ef329d50,0x00000000ef380000)
  to   space 28160K, 0% used [0x00000000ef900000,0x00000000ef900000,0x00000000f1480000)
 ParOldGen       total 434176K, used 340538K [0x00000000c0000000, 0x00000000da800000, 0x00000000eab00000)
  object space 434176K, 78% used [0x00000000c0000000,0x00000000d4c8ea00,0x00000000da800000)
 Metaspace       used 75963K, committed 77248K, reserved 1179648K
  class space    used 7740K, committed 8320K, reserved 1048576K
}
Event: 22.608 GC heap before
{Heap before GC invocations=127 (full 10):
 PSYoungGen      total 74240K, used 73895K [0x00000000eab00000, 0x00000000f1480000, 0x0000000100000000)
  eden space 49664K, 100% used [0x00000000eab00000,0x00000000edb80000,0x00000000edb80000)
  from space 24576K, 98% used [0x00000000edb80000,0x00000000ef329d50,0x00000000ef380000)
  to   space 28160K, 0% used [0x00000000ef900000,0x00000000ef900000,0x00000000f1480000)
 ParOldGen       total 434176K, used 340538K [0x00000000c0000000, 0x00000000da800000, 0x00000000eab00000)
  object space 434176K, 78% used [0x00000000c0000000,0x00000000d4c8ea00,0x00000000da800000)
 Metaspace       used 81655K, committed 82944K, reserved 1179648K
  class space    used 8485K, committed 9088K, reserved 1048576K
}
Event: 22.621 GC heap after
{Heap after GC invocations=127 (full 10):
 PSYoungGen      total 79360K, used 27819K [0x00000000eab00000, 0x00000000f1580000, 0x0000000100000000)
  eden space 51200K, 0% used [0x00000000eab00000,0x00000000eab00000,0x00000000edd00000)
  from space 28160K, 98% used [0x00000000ef900000,0x00000000f142ae98,0x00000000f1480000)
  to   space 28672K, 0% used [0x00000000edd00000,0x00000000edd00000,0x00000000ef900000)
 ParOldGen       total 434176K, used 340554K [0x00000000c0000000, 0x00000000da800000, 0x00000000eab00000)
  object space 434176K, 78% used [0x00000000c0000000,0x00000000d4c92a00,0x00000000da800000)
 Metaspace       used 81655K, committed 82944K, reserved 1179648K
  class space    used 8485K, committed 9088K, reserved 1048576K
}
Event: 24.668 GC heap before
{Heap before GC invocations=128 (full 10):
 PSYoungGen      total 79360K, used 79019K [0x00000000eab00000, 0x00000000f1580000, 0x0000000100000000)
  eden space 51200K, 100% used [0x00000000eab00000,0x00000000edd00000,0x00000000edd00000)
  from space 28160K, 98% used [0x00000000ef900000,0x00000000f142ae98,0x00000000f1480000)
  to   space 28672K, 0% used [0x00000000edd00000,0x00000000edd00000,0x00000000ef900000)
 ParOldGen       total 434176K, used 340554K [0x00000000c0000000, 0x00000000da800000, 0x00000000eab00000)
  object space 434176K, 78% used [0x00000000c0000000,0x00000000d4c92a00,0x00000000da800000)
 Metaspace       used 83357K, committed 84672K, reserved 1179648K
  class space    used 8539K, committed 9152K, reserved 1048576K
}
Event: 24.749 GC heap after
{Heap after GC invocations=128 (full 10):
 PSYoungGen      total 79872K, used 28656K [0x00000000eab00000, 0x00000000f2000000, 0x0000000100000000)
  eden space 51200K, 0% used [0x00000000eab00000,0x00000000eab00000,0x00000000edd00000)
  from space 28672K, 99% used [0x00000000edd00000,0x00000000ef8fc088,0x00000000ef900000)
  to   space 33280K, 0% used [0x00000000eff80000,0x00000000eff80000,0x00000000f2000000)
 ParOldGen       total 434176K, used 344209K [0x00000000c0000000, 0x00000000da800000, 0x00000000eab00000)
  object space 434176K, 79% used [0x00000000c0000000,0x00000000d50247a8,0x00000000da800000)
 Metaspace       used 83357K, committed 84672K, reserved 1179648K
  class space    used 8539K, committed 9152K, reserved 1048576K
}

